29-Sep-21 22:50:39 - INFO - new User Added
29-Sep-21 22:52:58 - INFO - new User Added
02-Oct-21 13:02:10 - INFO - new User Added
02-Oct-21 23:33:23 - INFO - block user
03-Oct-21 22:57:14 - INFO - new store Added
03-Oct-21 22:57:14 - INFO - new User Added
03-Oct-21 22:57:43 - INFO - new User Added
03-Oct-21 23:06:53 - INFO - new products added
03-Oct-21 23:08:01 - INFO - block user
04-Oct-21 21:26:35 - INFO - new store Added
04-Oct-21 21:26:35 - INFO - new User Added
04-Oct-21 21:28:01 - INFO - unsuccessful log in
04-Oct-21 21:28:39 - INFO - 09127931142 logg in
04-Oct-21 21:30:08 - INFO - new products added
04-Oct-21 21:30:15 - INFO - finish product
04-Oct-21 21:30:28 - INFO - finish product
04-Oct-21 21:31:00 - INFO - block user
04-Oct-21 21:31:58 - INFO - new User Added
04-Oct-21 21:32:08 - INFO - 09101501583 logg in
04-Oct-21 21:33:54 - INFO - 09101501583 logg in
04-Oct-21 21:35:52 - INFO - 09101501583 logg in
04-Oct-21 21:57:18 - INFO - 09127931142 logg in
04-Oct-21 21:57:18 - INFO - finish product
04-Oct-21 21:57:21 - INFO - finish product
04-Oct-21 22:04:30 - INFO - 09127931142 logg in
04-Oct-21 22:04:30 - INFO - finish product
04-Oct-21 22:04:50 - INFO - 09101501583 logg in
04-Oct-21 22:08:06 - INFO - 09101501584 logg in
04-Oct-21 22:08:06 - INFO - finish product
04-Oct-21 22:09:28 - INFO - 09127931142 logg in
04-Oct-21 22:09:28 - INFO - finish product
04-Oct-21 22:09:31 - INFO - No customer has purchased from mahin store
04-Oct-21 22:10:12 - INFO - 09101501583 logg in
04-Oct-21 22:10:17 - INFO - there is not any invoices first buy from shop
04-Oct-21 22:11:09 - INFO - 09101501583 logg in
04-Oct-21 22:11:19 - INFO - there is not any invoices first buy from shop
04-Oct-21 22:12:45 - INFO - product name or number of product is wrong
04-Oct-21 22:13:13 - INFO - new invoice added
04-Oct-21 22:14:12 - INFO - 09101501584 logg in
04-Oct-21 22:14:12 - INFO - finish product
04-Oct-21 22:15:46 - INFO - 09101501583 logg in
04-Oct-21 22:22:50 - INFO - 09101501584 logg in
04-Oct-21 22:22:50 - INFO - finish product
04-Oct-21 22:22:56 - INFO - finish product
04-Oct-21 22:24:17 - INFO - 09101501584 logg in
04-Oct-21 22:24:17 - INFO - finish product
04-Oct-21 22:24:22 - INFO - finish product
04-Oct-21 22:26:49 - INFO - 09101501584 logg in
04-Oct-21 22:26:49 - INFO - finish product
04-Oct-21 22:27:11 - INFO - finish product
04-Oct-21 22:30:50 - INFO - 09101501584 logg in
04-Oct-21 22:30:50 - INFO - finish product
04-Oct-21 22:30:50 - INFO - *****no item in alarm list****
04-Oct-21 22:30:57 - INFO - finish product
04-Oct-21 22:30:57 - INFO - *****no item in alarm list****
04-Oct-21 22:31:33 - INFO - 09101501583 logg in
04-Oct-21 22:41:51 - INFO - 09101501583 logg in
04-Oct-21 22:42:37 - INFO - product name or number of product is wrong
04-Oct-21 22:45:36 - INFO - 09101501583 logg in
04-Oct-21 22:46:34 - INFO - new invoice added
04-Oct-21 22:48:04 - INFO - 09101501583 logg in
04-Oct-21 22:53:54 - INFO - 09125802237 logg in
04-Oct-21 22:56:01 - INFO - 09125802237 logg in
04-Oct-21 22:56:35 - INFO - 09125802237  is block cant select product
04-Oct-21 23:06:16 - INFO - 09125802237 logg in
04-Oct-21 23:06:22 - INFO - there is not any invoices first buy from shop
04-Oct-21 23:06:39 - INFO - 09125802237  is block cant select product
04-Oct-21 23:07:48 - INFO - new invoice added
04-Oct-21 23:08:59 - INFO - 09125802237 logg in
04-Oct-21 23:10:04 - INFO - 09101501584 logg in
04-Oct-21 23:10:04 - INFO - finish product
04-Oct-21 23:10:04 - INFO - *****no item in alarm list****
04-Oct-21 23:10:18 - INFO - block user
04-Oct-21 23:10:34 - INFO - block user
04-Oct-21 23:11:31 - INFO - 09101501583 logg in
04-Oct-21 23:13:17 - INFO - 09101501583  is block cant select product
04-Oct-21 23:16:36 - INFO - 09101501583 logg in
04-Oct-21 23:16:46 - INFO - 09101501583  is block cant select product
